{
  "RSpec": {
    "coverage": {
      "/home/camillo/rails_app/estante_virtual/app/helpers/application_helper.rb": [
        1,
        null
      ],
      "/home/camillo/rails_app/estante_virtual/app/controllers/api/v1/competitions_controller.rb": [
        1,
        1,
        1,
        1,
        1,
        null,
        1,
        11,
        null,
        null,
        1,
        2,
        null,
        null,
        1,
        2,
        2,
        null,
        null,
        1,
        null,
        1,
        6,
        null,
        null,
        1,
        20,
        null,
        null,
        null,
        null
      ],
      "/home/camillo/rails_app/estante_virtual/app/controllers/application_controller.rb": [
        1,
        null,
        null,
        1,
        null,
        1,
        11,
        null,
        null
      ],
      "/home/camillo/rails_app/estante_virtual/app/controllers/api/v1/results_controller.rb": [
        1,
        1,
        1,
        1,
        1,
        null,
        1,
        9,
        null,
        null,
        1,
        null,
        1,
        18,
        null,
        null,
        1,
        9,
        null,
        null,
        1,
        41,
        null,
        null,
        null,
        null
      ],
      "/home/camillo/rails_app/estante_virtual/app/models/athlete.rb": [
        1,
        null,
        1,
        2,
        null,
        1,
        1,
        null,
        null
      ],
      "/home/camillo/rails_app/estante_virtual/app/models/competition.rb": [
        1,
        1,
        null,
        1,
        null,
        1,
        18,
        null,
        1,
        1,
        1,
        null,
        1,
        5,
        null,
        null,
        1,
        4,
        null,
        null,
        1,
        6,
        6,
        15,
        null,
        21,
        null,
        null,
        1,
        5,
        5,
        13,
        null,
        5,
        null,
        null,
        1,
        null,
        null,
        null,
        null,
        4,
        null,
        null,
        1,
        18,
        null,
        null
      ],
      "/home/camillo/rails_app/estante_virtual/app/models/result.rb": [
        1,
        1,
        null,
        1,
        null,
        1,
        1,
        null,
        1,
        97,
        97,
        97,
        null,
        1,
        null,
        1,
        82,
        null,
        null,
        1,
        82,
        null,
        null,
        1,
        84,
        null,
        null
      ]
    },
    "timestamp": 1466850163
  }
}
